<?xml version="1.0" encoding="UTF-8"?>
<testng-results skipped="0" failed="0" ignored="0" total="1" passed="1">
  <reporter-output>
  </reporter-output>
  <suite name="Default suite" duration-ms="20913" started-at="2021-05-28T22:06:06 IST" finished-at="2021-05-28T22:06:27 IST">
    <groups>
    </groups>
    <test name="Default test" duration-ms="20913" started-at="2021-05-28T22:06:06 IST" finished-at="2021-05-28T22:06:27 IST">
      <class name="restassured.OnlineAssignment.TestClass">
        <test-method status="PASS" signature="setup()[pri:0, instance:restassured.OnlineAssignment.TestClass@67205a84]" name="setup" is-config="true" duration-ms="17315" started-at="2021-05-28T22:06:06 IST" finished-at="2021-05-28T22:06:23 IST">
          <reporter-output>
          </reporter-output>
        </test-method> <!-- setup -->
        <test-method status="PASS" signature="testmethod()[pri:0, instance:restassured.OnlineAssignment.TestClass@67205a84]" name="testmethod" duration-ms="2950" started-at="2021-05-28T22:06:24 IST" finished-at="2021-05-28T22:06:27 IST">
          <reporter-output>
          </reporter-output>
        </test-method> <!-- testmethod -->
      </class> <!-- restassured.OnlineAssignment.TestClass -->
    </test> <!-- Default test -->
  </suite> <!-- Default suite -->
</testng-results>
